0 info it worked if it ends with ok
1 verbose cli [ 'C:\\Program Files\\nodejs\\node.exe',
1 verbose cli   'C:\\Users\\sopheak\\AppData\\Roaming\\npm\\node_modules\\npm\\bin\\npm-cli.js',
1 verbose cli   'install',
1 verbose cli   '--save',
1 verbose cli   'https://github.com/metafizzy/isotope.git' ]
2 info using npm@3.10.8
3 info using node@v4.6.0
4 silly loadCurrentTree Starting
5 silly install loadCurrentTree
6 silly install readLocalPackageData
7 silly fetchPackageMetaData https://github.com/metafizzy/isotope.git
8 silly fetchOtherPackageData https://github.com/metafizzy/isotope.git
9 silly cache add args [ 'https://github.com/metafizzy/isotope.git', null ]
10 verbose cache add spec https://github.com/metafizzy/isotope.git
11 silly cache add parsed spec Result {
11 silly cache add   raw: 'https://github.com/metafizzy/isotope.git',
11 silly cache add   scope: null,
11 silly cache add   escapedName: null,
11 silly cache add   name: null,
11 silly cache add   rawSpec: 'https://github.com/metafizzy/isotope.git',
11 silly cache add   spec: 'git+https://github.com/metafizzy/isotope.git',
11 silly cache add   type: 'hosted',
11 silly cache add   hosted:
11 silly cache add    { type: 'github',
11 silly cache add      ssh: 'git@github.com:metafizzy/isotope.git',
11 silly cache add      sshUrl: 'git+ssh://git@github.com/metafizzy/isotope.git',
11 silly cache add      httpsUrl: 'git+https://github.com/metafizzy/isotope.git',
11 silly cache add      gitUrl: 'git://github.com/metafizzy/isotope.git',
11 silly cache add      shortcut: 'github:metafizzy/isotope',
11 silly cache add      directUrl: 'https://raw.githubusercontent.com/metafizzy/isotope/master/package.json' } }
12 verbose addRemoteGit caching https://github.com/metafizzy/isotope.git
13 verbose addRemoteGit git+https://github.com/metafizzy/isotope.git is a repository hosted by github
14 silly tryClone cloning git+https://github.com/metafizzy/isotope.git via git+https://github.com/metafizzy/isotope.git
15 verbose tryClone git-https-github-com-metafizzy-isotope-git-70b95d16 not in flight; caching
16 verbose correctMkdir C:\Users\sopheak\AppData\Roaming\npm-cache\_git-remotes correctMkdir not in flight; initializing
17 verbose makeDirectory C:\Users\sopheak\AppData\Roaming\npm-cache\_git-remotes creation not in flight; initializing
18 verbose makeCacheDir UID & GID are irrelevant on win32
19 info git [ 'clone',
19 info git   '--template=C:\\Users\\sopheak\\AppData\\Roaming\\npm-cache\\_git-remotes\\_templates',
19 info git   '--mirror',
19 info git   'https://github.com/metafizzy/isotope.git',
19 info git   'C:\\Users\\sopheak\\AppData\\Roaming\\npm-cache\\_git-remotes\\git-https-github-com-metafizzy-isotope-git-70b95d16' ]
20 verbose mirrorRemote git+https://github.com/metafizzy/isotope.git git clone https://github.com/metafizzy/isotope.git
21 verbose setPermissions git+https://github.com/metafizzy/isotope.git skipping chownr on Windows
22 verbose resolveHead git+https://github.com/metafizzy/isotope.git original treeish: master
23 info git [ 'rev-list', '-n1', 'master' ]
24 silly resolveHead git+https://github.com/metafizzy/isotope.git resolved treeish: 64f409fa6fd4cc2b364bea738d91edbd97f1760a
25 verbose resolveHead git+https://github.com/metafizzy/isotope.git resolved Git URL: git+https://github.com/metafizzy/isotope.git#64f409fa6fd4cc2b364bea738d91edbd97f1760a
26 silly resolveHead Git working directory: C:\Users\sopheak\AppData\Local\Temp\npm-4880-9931a316\git-cache-f6b1aa15\64f409fa6fd4cc2b364bea738d91edbd97f1760a
27 info git [ 'clone',
27 info git   'C:\\Users\\sopheak\\AppData\\Roaming\\npm-cache\\_git-remotes\\git-https-github-com-metafizzy-isotope-git-70b95d16',
27 info git   'C:\\Users\\sopheak\\AppData\\Local\\Temp\\npm-4880-9931a316\\git-cache-f6b1aa15\\64f409fa6fd4cc2b364bea738d91edbd97f1760a' ]
28 error git clone C:\Users\sopheak\AppData\Roaming\npm-cache\_git-remotes\git-https-github-com-metafizzy-isotope-git-70b95d16 C:\Users\sopheak\AppData\Local\Temp\npm-4880-9931a316\git-cache-f6b1aa15\64f409fa6fd4cc2b364bea738d91edbd97f1760a: fatal: Could not switch to 'C:\Users\sopheak\AppData\Local\Temp\npm-4880-9931a316\git-cache-f6b1aa15\64f409fa6fd4cc2b364bea738d91edbd97f1760a': Permission denied
29 silly fetchPackageMetaData Error: Command failed: git -c core.longpaths=true clone C:\Users\sopheak\AppData\Roaming\npm-cache\_git-remotes\git-https-github-com-metafizzy-isotope-git-70b95d16 C:\Users\sopheak\AppData\Local\Temp\npm-4880-9931a316\git-cache-f6b1aa15\64f409fa6fd4cc2b364bea738d91edbd97f1760a
29 silly fetchPackageMetaData fatal: Could not switch to 'C:\Users\sopheak\AppData\Local\Temp\npm-4880-9931a316\git-cache-f6b1aa15\64f409fa6fd4cc2b364bea738d91edbd97f1760a': Permission denied
29 silly fetchPackageMetaData
29 silly fetchPackageMetaData     at ChildProcess.exithandler (child_process.js:213:12)
29 silly fetchPackageMetaData     at emitTwo (events.js:87:13)
29 silly fetchPackageMetaData     at ChildProcess.emit (events.js:172:7)
29 silly fetchPackageMetaData     at maybeClose (internal/child_process.js:829:16)
29 silly fetchPackageMetaData     at Process.ChildProcess._handle.onexit (internal/child_process.js:211:5)
29 silly fetchPackageMetaData  error for https://github.com/metafizzy/isotope.git { [Error: Command failed: git -c core.longpaths=true clone C:\Users\sopheak\AppData\Roaming\npm-cache\_git-remotes\git-https-github-com-metafizzy-isotope-git-70b95d16 C:\Users\sopheak\AppData\Local\Temp\npm-4880-9931a316\git-cache-f6b1aa15\64f409fa6fd4cc2b364bea738d91edbd97f1760a
29 silly fetchPackageMetaData fatal: Could not switch to 'C:\Users\sopheak\AppData\Local\Temp\npm-4880-9931a316\git-cache-f6b1aa15\64f409fa6fd4cc2b364bea738d91edbd97f1760a': Permission denied
29 silly fetchPackageMetaData ]
29 silly fetchPackageMetaData   killed: false,
29 silly fetchPackageMetaData   code: 128,
29 silly fetchPackageMetaData   signal: null,
29 silly fetchPackageMetaData   cmd: 'git -c core.longpaths=true clone C:\\Users\\sopheak\\AppData\\Roaming\\npm-cache\\_git-remotes\\git-https-github-com-metafizzy-isotope-git-70b95d16 C:\\Users\\sopheak\\AppData\\Local\\Temp\\npm-4880-9931a316\\git-cache-f6b1aa15\\64f409fa6fd4cc2b364bea738d91edbd97f1760a' }
30 silly rollbackFailedOptional Starting
31 silly rollbackFailedOptional Finishing
32 silly runTopLevelLifecycles Finishing
33 silly install printInstalled
34 verbose stack Error: Command failed: git -c core.longpaths=true clone C:\Users\sopheak\AppData\Roaming\npm-cache\_git-remotes\git-https-github-com-metafizzy-isotope-git-70b95d16 C:\Users\sopheak\AppData\Local\Temp\npm-4880-9931a316\git-cache-f6b1aa15\64f409fa6fd4cc2b364bea738d91edbd97f1760a
34 verbose stack fatal: Could not switch to 'C:\Users\sopheak\AppData\Local\Temp\npm-4880-9931a316\git-cache-f6b1aa15\64f409fa6fd4cc2b364bea738d91edbd97f1760a': Permission denied
34 verbose stack
34 verbose stack     at ChildProcess.exithandler (child_process.js:213:12)
34 verbose stack     at emitTwo (events.js:87:13)
34 verbose stack     at ChildProcess.emit (events.js:172:7)
34 verbose stack     at maybeClose (internal/child_process.js:829:16)
34 verbose stack     at Process.ChildProcess._handle.onexit (internal/child_process.js:211:5)
35 verbose cwd C:\xampp\htdocs\poshedition\wp-content\themes\newstore
36 error Windows_NT 6.1.7601
37 error argv "C:\\Program Files\\nodejs\\node.exe" "C:\\Users\\sopheak\\AppData\\Roaming\\npm\\node_modules\\npm\\bin\\npm-cli.js" "install" "--save" "https://github.com/metafizzy/isotope.git"
38 error node v4.6.0
39 error npm  v3.10.8
40 error code 128
41 error Command failed: git -c core.longpaths=true clone C:\Users\sopheak\AppData\Roaming\npm-cache\_git-remotes\git-https-github-com-metafizzy-isotope-git-70b95d16 C:\Users\sopheak\AppData\Local\Temp\npm-4880-9931a316\git-cache-f6b1aa15\64f409fa6fd4cc2b364bea738d91edbd97f1760a
41 error fatal: Could not switch to 'C:\Users\sopheak\AppData\Local\Temp\npm-4880-9931a316\git-cache-f6b1aa15\64f409fa6fd4cc2b364bea738d91edbd97f1760a': Permission denied
42 error If you need help, you may report this error at:
42 error     <https://github.com/npm/npm/issues>
43 verbose exit [ 1, true ]
